2021/12/27 14:39:23错误信息：'@khdh' 附近有语法错误。
'@khdh' 附近有语法错误。
2021/12/27 14:56:36错误信息：'@khdh' 附近有语法错误。
'@khdh' 附近有语法错误。
2021/12/27 15:12:46错误信息：'@khdh' 附近有语法错误。
'@khdh' 附近有语法错误。
2021/12/27 15:15:43错误信息：'@khdh' 附近有语法错误。
'@khdh' 附近有语法错误。
2021/12/27 15:19:17错误信息：'@khdh' 附近有语法错误。
'@khdh' 附近有语法错误。
2022/2/17 14:37:26错误信息：参数数据类型 nvarchar 对于 dateadd 函数的参数 2 无效。
2022/2/17 14:38:18错误信息：参数数据类型 nvarchar 对于 dateadd 函数的参数 2 无效。
2022/2/17 14:39:30错误信息：参数数据类型 nvarchar 对于 dateadd 函数的参数 2 无效。
2022/2/17 14:39:49错误信息：参数数据类型 nvarchar 对于 dateadd 函数的参数 2 无效。
2022/2/17 14:42:44错误信息：参数数据类型 nvarchar 对于 dateadd 函数的参数 2 无效。
2022/2/17 14:44:21错误信息：参数数据类型 nvarchar 对于 dateadd 函数的参数 2 无效。
2022/2/17 14:44:38错误信息：参数数据类型 nvarchar 对于 dateadd 函数的参数 2 无效。
2022/2/17 14:47:09错误信息：列名 'CreateTime' 无效。
2022/2/25 12:34:44错误信息：另一个 SqlParameterCollection 中已包含 SqlParameter。
2022/2/28 12:25:33错误信息：'3' 附近有语法错误。
'3' 附近有语法错误。
'3' 附近有语法错误。
字符串 ')   
	            GROUP BY LEFT(a.ybid,6)	
            ) t
            GROUP BY t.lx,t.dh 
            ' 后的引号不完整。
2022/3/13 23:59:30错误信息：在与 SQL Server 建立连接时出现与网络相关的或特定于实例的错误。未找到或无法访问服务器。请验证实例名称是否正确并且 SQL Server 已配置为允许远程连接。 (provider: Named Pipes Provider, error: 40 - 无法打开到 SQL Server 的连接)
2022/3/14 0:00:33错误信息：在与 SQL Server 建立连接时出现与网络相关的或特定于实例的错误。未找到或无法访问服务器。请验证实例名称是否正确并且 SQL Server 已配置为允许远程连接。 (provider: Named Pipes Provider, error: 40 - 无法打开到 SQL Server 的连接)
2022/3/14 16:39:09错误信息：列名 'sampleaddress' 无效。
2022/5/28 10:38:22错误信息：对象名 'lis_ybxx' 无效。
2022/5/28 10:39:34错误信息：对象名 'lis_ybxx' 无效。
2022/5/28 10:40:40错误信息：对象名 'lis_ybxx' 无效。
2022/5/28 10:42:24错误信息：对象名 'FileRecieveInfoDetail' 无效。
2022/5/29 10:34:40错误信息：参数化查询 '(@starttime nvarchar(4000))
SELECT '合计' AS sampleaddress,SUM(sr' 需要参数 '@starttime'，但未提供该参数。
2022/5/29 10:35:29错误信息：参数化查询 '(@starttime nvarchar(4000))
SELECT '合计' AS sampleaddress,SUM(sr' 需要参数 '@starttime'，但未提供该参数。
2022/6/7 22:49:03错误信息：参数化查询 '(@starttime nvarchar(4000),@endtime nvarchar(4000))
           ' 需要参数 '@starttime'，但未提供该参数。
2022/8/31 1:07:11错误信息：找不到存储过程 'SP_XGRNA_BBL_Query_ALL'。
2022/8/31 1:10:12错误信息：过程或函数 'SP_XGRNA_BBL_Query_ALL' 需要参数 '@bgtime'，但未提供该参数。
2022/9/6 22:59:23错误信息：调用钉钉接口失败：索引和长度必须引用该字符串内的位置。
参数名: length
2022/9/6 23:00:03错误信息：调用钉钉接口失败：索引和长度必须引用该字符串内的位置。
参数名: length
2022/9/6 23:00:04错误信息：调用钉钉接口失败：索引和长度必须引用该字符串内的位置。
参数名: length
2022/10/7 14:13:55错误信息：'(' 附近有语法错误。
2022/10/7 14:25:53错误信息：'(' 附近有语法错误。
2022/10/7 14:32:25错误信息：'(' 附近有语法错误。
2022/10/12 5:45:43错误信息：执行超时已过期。完成操作之前已超时或服务器未响应。 
2022/10/14 17:05:42错误信息：调用钉钉接口失败：无效的 URI: 未能确定 URI 的格式。
2022/10/14 17:05:43错误信息：调用钉钉接口失败：无效的 URI: 未能确定 URI 的格式。
2022/10/14 17:06:55错误信息：调用钉钉接口失败：无效的 URI: 未能确定 URI 的格式。
2022/10/14 17:06:55错误信息：调用钉钉接口失败：无效的 URI: 未能确定 URI 的格式。
2022/10/14 17:26:56错误信息：调用钉钉接口失败：无效的 URI: 未能确定 URI 的格式。
2022/10/14 17:26:56错误信息：调用钉钉接口失败：无效的 URI: 未能确定 URI 的格式。
2022/10/14 17:26:56错误信息：调用钉钉接口失败：无效的 URI: 未能确定 URI 的格式。
2022/10/14 17:26:56错误信息：调用钉钉接口失败：无效的 URI: 未能确定 URI 的格式。
2022/10/14 17:26:56错误信息：调用钉钉接口失败：无效的 URI: 未能确定 URI 的格式。
2022/10/14 17:26:56错误信息：调用钉钉接口失败：无效的 URI: 未能确定 URI 的格式。
2022/10/18 15:00:28错误信息：在与 SQL Server 建立连接时出现与网络相关的或特定于实例的错误。未找到或无法访问服务器。请验证实例名称是否正确并且 SQL Server 已配置为允许远程连接。 (provider: Named Pipes Provider, error: 40 - 无法打开到 SQL Server 的连接)
2022/10/24 23:03:26错误信息：找不到存储过程 'SP_XGRNA_BBL_Query_ALL_RS'。
2022/11/3 10:45:28错误信息：在与 SQL Server 建立连接时出现与网络相关的或特定于实例的错误。未找到或无法访问服务器。请验证实例名称是否正确并且 SQL Server 已配置为允许远程连接。 (provider: Named Pipes Provider, error: 40 - 无法打开到 SQL Server 的连接)
2022/11/3 13:55:34错误信息：对象名 'lisdb.dbo.ReportUploadExcelInfoAirLis' 无效。
2022/11/5 13:45:28错误信息：在与 SQL Server 建立连接时出现与网络相关的或特定于实例的错误。未找到或无法访问服务器。请验证实例名称是否正确并且 SQL Server 已配置为允许远程连接。 (provider: Named Pipes Provider, error: 40 - 无法打开到 SQL Server 的连接)
2023/1/10 20:59:07错误信息：对象名 'lisdb.dbo.ReportUploadExcelInfoAirLis' 无效。
2023/1/10 21:07:48错误信息：对象名 'lisdb.dbo.ReportUploadExcelInfoAirLis' 无效。
2023/1/10 21:09:13错误信息：对象名 'lisdb.dbo.ReportUploadExcelInfoAirLis' 无效。
2023/1/11 12:37:08错误信息：变量名 '@starttime' 已声明。变量名在查询批次或存储过程内部必须唯一。
2023/1/11 12:37:40错误信息：对象名 'lis_ybxx' 无效。
2023/1/11 13:21:13错误信息：对象名 'lisdb.dbo.ReportUploadLog' 无效。
2023/1/11 13:40:14错误信息：对象名 'lisdb.dbo.ReportUploadLog' 无效。
2023/1/11 13:48:35错误信息：列名 'scs' 无效。
